e:\project\_pointcloud_remeshing\shfvcg2021remesh_hist\x64\debug\vc142.pdb
e:\project\_pointcloud_remeshing\shfvcg2021remesh_hist\x64\debug\vc142.idb
e:\project\_pointcloud_remeshing\shfvcg2021remesh_hist\x64\debug\plylib.obj
e:\project\_pointcloud_remeshing\shfvcg2021remesh_hist\x64\debug\triangleremoverepeat.obj
e:\project\_pointcloud_remeshing\shfvcg2021remesh_hist\x64\debug\trianglecheck.obj
e:\project\_pointcloud_remeshing\shfvcg2021remesh_hist\x64\debug\subremeshing.obj
e:\project\_pointcloud_remeshing\shfvcg2021remesh_hist\x64\debug\shfremesh.obj
e:\project\_pointcloud_remeshing\shfvcg2021remesh_hist\x64\debug\mesh_geometric.obj
e:\project\_pointcloud_remeshing\shfvcg2021remesh_hist\x64\debug\isotropic.obj
e:\project\_pointcloud_remeshing\shfvcg2021remesh_hist\x64\debug\adpisotropic_om.obj
e:\project\_pointcloud_remeshing\shfvcg2021remesh_hist\x64\debug\adpisotropic_cuda.obj
e:\project\_pointcloud_remeshing\shfvcg2021remesh_hist\x64\debug\adpisotropic.obj
e:\project\_pointcloud_remeshing\shfvcg2021remesh_hist\x64\debug\main.obj
x64\debug\adpisotropic_cuda.cu.obj
e:\project\_pointcloud_remeshing\shfvcg2021remesh_hist\x64\debug\shfvcgremesh_hist.ilk
e:\project\_pointcloud_remeshing\shfvcg2021remesh_hist\x64\debug\shfvcgremesh_hist.exe
e:\project\_pointcloud_remeshing\shfvcg2021remesh_hist\x64\debug\shfvcgremesh_hist.pdb
e:\project\_pointcloud_remeshing\shfvcg2021remesh_hist\x64\debug\adpisotropic_cuda.cu.cache
e:\project\_pointcloud_remeshing\shfvcg2021remesh_hist\x64\debug\adpisotropic_cuda.cu.obj
e:\project\_pointcloud_remeshing\shfvcg2021remesh_hist\x64\debug\shfvcgre.a8ae3410.tlog\cl.command.1.tlog
e:\project\_pointcloud_remeshing\shfvcg2021remesh_hist\x64\debug\shfvcgre.a8ae3410.tlog\cl.read.1.tlog
e:\project\_pointcloud_remeshing\shfvcg2021remesh_hist\x64\debug\shfvcgre.a8ae3410.tlog\cl.write.1.tlog
e:\project\_pointcloud_remeshing\shfvcg2021remesh_hist\x64\debug\shfvcgre.a8ae3410.tlog\cudacompile.read.1u.tlog
e:\project\_pointcloud_remeshing\shfvcg2021remesh_hist\x64\debug\shfvcgre.a8ae3410.tlog\cudacompile.write.1u.tlog
e:\project\_pointcloud_remeshing\shfvcg2021remesh_hist\x64\debug\shfvcgre.a8ae3410.tlog\link.command.1.tlog
e:\project\_pointcloud_remeshing\shfvcg2021remesh_hist\x64\debug\shfvcgre.a8ae3410.tlog\link.read.1.tlog
e:\project\_pointcloud_remeshing\shfvcg2021remesh_hist\x64\debug\shfvcgre.a8ae3410.tlog\link.write.1.tlog
