e:\project\_pointcloud_remeshing\shfvcg2021remesh\x64\debug\vc142.pdb
e:\project\_pointcloud_remeshing\shfvcg2021remesh\x64\debug\vc142.idb
e:\project\_pointcloud_remeshing\shfvcg2021remesh\x64\debug\plylib.obj
e:\project\_pointcloud_remeshing\shfvcg2021remesh\x64\debug\triangleremoverepeat.obj
e:\project\_pointcloud_remeshing\shfvcg2021remesh\x64\debug\trianglecheck.obj
e:\project\_pointcloud_remeshing\shfvcg2021remesh\x64\debug\subremeshing.obj
e:\project\_pointcloud_remeshing\shfvcg2021remesh\x64\debug\shfremesh.obj
e:\project\_pointcloud_remeshing\shfvcg2021remesh\x64\debug\mesh_geometric.obj
e:\project\_pointcloud_remeshing\shfvcg2021remesh\x64\debug\isotropic.obj
e:\project\_pointcloud_remeshing\shfvcg2021remesh\x64\debug\adpisotropic.obj
e:\project\_pointcloud_remeshing\shfvcg2021remesh\x64\debug\main.obj
e:\project\_pointcloud_remeshing\shfvcg2021remesh\x64\debug\shfvcgremesh.ilk
e:\project\_pointcloud_remeshing\shfvcg2021remesh\x64\debug\shfvcgremesh.exe
e:\project\_pointcloud_remeshing\shfvcg2021remesh\x64\debug\shfvcgremesh.pdb
e:\project\_pointcloud_remeshing\shfvcg2021remesh\x64\debug\shfvcgremesh.tlog\cl.command.1.tlog
e:\project\_pointcloud_remeshing\shfvcg2021remesh\x64\debug\shfvcgremesh.tlog\cl.read.1.tlog
e:\project\_pointcloud_remeshing\shfvcg2021remesh\x64\debug\shfvcgremesh.tlog\cl.write.1.tlog
e:\project\_pointcloud_remeshing\shfvcg2021remesh\x64\debug\shfvcgremesh.tlog\link.command.1.tlog
e:\project\_pointcloud_remeshing\shfvcg2021remesh\x64\debug\shfvcgremesh.tlog\link.read.1.tlog
e:\project\_pointcloud_remeshing\shfvcg2021remesh\x64\debug\shfvcgremesh.tlog\link.write.1.tlog
